<?xml version="1.0" encoding="UTF-8"?>
<!-- Generated by org.testng.reporters.JUnitReportReporter -->
<testsuite hostname="DESKTOP-UUGSSKP" failures="0" tests="1" name="appmavenauto.mavenjava.RESTAPITest" time="0.000" errors="0" timestamp="2020-09-22T13:16:53 EDT" skipped="0">
  <testcase classname="appmavenauto.mavenjava.RESTAPITest" name="SmokeTest" time="0.000"/>
  <system-out/>
</testsuite> <!-- appmavenauto.mavenjava.RESTAPITest -->
