<?xml version="1.0" encoding="UTF-8"?>
<!-- Generated by org.testng.reporters.JUnitReportReporter -->
<testsuite hostname="DESKTOP-UUGSSKP" failures="0" tests="3" name="appmavenauto.mavenjava.e2eTest" time="0.001" errors="0" timestamp="2020-09-22T13:16:53 EDT" skipped="0">
  <testcase classname="appmavenauto.mavenjava.e2eTest" name="firstTest" time="0.000"/>
  <system-out/>
  <testcase classname="appmavenauto.mavenjava.e2eTest" name="secondTest" time="0.000"/>
  <system-out/>
  <testcase classname="appmavenauto.mavenjava.e2eTest" name="fullTest" time="0.001"/>
  <system-out/>
</testsuite> <!-- appmavenauto.mavenjava.e2eTest -->
