<?xml version="1.0" encoding="UTF-8"?>
<!-- Generated by org.testng.reporters.JUnitReportReporter -->
<testsuite skipped="0" hostname="DESKTOP-UUGSSKP" name="appmavenauto.mavenjava.AppiumTest" tests="1" failures="0" timestamp="2020-09-16T15:48:03 EDT" time="0.004" errors="0">
  <testcase name="mobileLogin" time="0.004" classname="appmavenauto.mavenjava.AppiumTest"/>
  <system-out/>
</testsuite> <!-- appmavenauto.mavenjava.AppiumTest -->
