<?xml version="1.0" encoding="UTF-8"?>
<!-- Generated by org.testng.reporters.JUnitReportReporter -->
<testsuite hostname="DESKTOP-UUGSSKP" failures="0" tests="1" name="appmavenauto.mavenjava.SeleniumTest" time="0.000" errors="0" timestamp="2020-09-22T11:28:27 EDT" skipped="0">
  <testcase classname="appmavenauto.mavenjava.SeleniumTest" name="webLogin" time="0.000"/>
  <system-out/>
</testsuite> <!-- appmavenauto.mavenjava.SeleniumTest -->
