<?xml version="1.0" encoding="UTF-8"?>
<!-- Generated by org.testng.reporters.JUnitReportReporter -->
<testsuite skipped="0" hostname="DESKTOP-UUGSSKP" name="appmavenauto.mavenjava.SeleniumTest" tests="1" failures="0" timestamp="2020-09-16T15:48:03 EDT" time="0.000" errors="0">
  <testcase name="webLogin" time="0.000" classname="appmavenauto.mavenjava.SeleniumTest"/>
  <system-out/>
</testsuite> <!-- appmavenauto.mavenjava.SeleniumTest -->
